<?xml version="1.0" encoding="UTF-8" ?>
<testsuite errors="1" failures="0" hostname="LAPTOP-GHIGO" name="Test" skipped="0" tests="1" time="0.0" timestamp="2023-10-05T14:34:54">
  <properties>
[...]
</properties>
  <error message="Test" type="java.lang.ClassNotFoundException">java.lang.ClassNotFoundException: Test
	at java.base/jdk.internal.loader.BuiltinClassLoader.loadClass(BuiltinClassLoader.java:641)
	at java.base/jdk.internal.loader.ClassLoaders$AppClassLoader.loadClass(ClassLoaders.java:188)
	at java.base/java.lang.ClassLoader.loadClass(ClassLoader.java:525)
	at java.base/java.lang.Class.forName0(Native Method)
	at java.base/java.lang.Class.forName(Class.java:467)
</error>
  <system-out><![CDATA[]]></system-out>
  <system-err><![CDATA[]]></system-err>
</testsuite>
